0 info it worked if it ends with ok
1 verbose cli [ '/usr/local/bin/node', '/usr/local/bin/npm', 'start' ]
2 info using npm@3.10.5
3 info using node@v4.4.7
4 verbose config Skipping project config: /Users/sedkin/.npmrc. (matches userconfig)
5 verbose stack Error: ENOENT: no such file or directory, open '/Users/sedkin/package.json'
5 verbose stack     at Error (native)
6 verbose cwd /Users/sedkin/Documents/GeneralAssemblyDS/ds-homework/hw_3/project-3/starter-code
7 error Darwin 15.6.0
8 error argv "/usr/local/bin/node" "/usr/local/bin/npm" "start"
9 error node v4.4.7
10 error npm  v3.10.5
11 error path /Users/sedkin/package.json
12 error code ENOENT
13 error errno -2
14 error syscall open
15 error enoent ENOENT: no such file or directory, open '/Users/sedkin/package.json'
16 error enoent ENOENT: no such file or directory, open '/Users/sedkin/package.json'
16 error enoent This is most likely not a problem with npm itself
16 error enoent and is related to npm not being able to find a file.
17 verbose exit [ -2, true ]
